mode: set
github.com/decred/dcrd/addrmgr/v2/addrmanager.go:225.72,228.27 1 1
github.com/decred/dcrd/addrmgr/v2/addrmanager.go:228.27,230.3 1 0
github.com/decred/dcrd/addrmgr/v2/addrmanager.go:232.2,234.15 3 1
github.com/decred/dcrd/addrmgr/v2/addrmanager.go:234.15,243.22 1 1
github.com/decred/dcrd/addrmgr/v2/addrmanager.go:243.22,251.4 6 1
github.com/decred/dcrd/addrmgr/v2/addrmanager.go:254.3,254.15 1 1
github.com/decred/dcrd/addrmgr/v2/addrmanager.go:254.15,256.4 1 0
github.com/decred/dcrd/addrmgr/v2/addrmanager.go:259.3,259.38 1 1
github.com/decred/dcrd/addrmgr/v2/addrmanager.go:259.38,261.4 1 0
github.com/decred/dcrd/addrmgr/v2/addrmanager.go:265.3,266.31 2 1
github.com/decred/dcrd/addrmgr/v2/addrmanager.go:266.31,268.4 1 1
github.com/decred/dcrd/addrmgr/v2/addrmanager.go:269.8,278.3 5 1
github.com/decred/dcrd/addrmgr/v2/addrmanager.go:280.2,283.45 2 1
github.com/decred/dcrd/addrmgr/v2/addrmanager.go:283.45,285.3 1 0
github.com/decred/dcrd/addrmgr/v2/addrmanager.go:288.2,288.44 1 1
github.com/decred/dcrd/addrmgr/v2/addrmanager.go:288.44,291.3 2 1
github.com/decred/dcrd/addrmgr/v2/addrmanager.go:294.2,299.19 4 1
github.com/decred/dcrd/addrmgr/v2/addrmanager.go:304.45,311.38 2 1
github.com/decred/dcrd/addrmgr/v2/addrmanager.go:311.38,312.16 1 1
github.com/decred/dcrd/addrmgr/v2/addrmanager.go:312.16,317.19 5 0
github.com/decred/dcrd/addrmgr/v2/addrmanager.go:317.19,320.5 2 0
github.com/decred/dcrd/addrmgr/v2/addrmanager.go:321.4,321.12 1 0
github.com/decred/dcrd/addrmgr/v2/addrmanager.go:323.3,323.20 1 1
github.com/decred/dcrd/addrmgr/v2/addrmanager.go:323.20,325.4 1 1
github.com/decred/dcrd/addrmgr/v2/addrmanager.go:325.9,325.56 1 1
github.com/decred/dcrd/addrmgr/v2/addrmanager.go:325.56,327.4 1 1
github.com/decred/dcrd/addrmgr/v2/addrmanager.go:330.2,330.19 1 1
github.com/decred/dcrd/addrmgr/v2/addrmanager.go:330.19,337.23 6 1
github.com/decred/dcrd/addrmgr/v2/addrmanager.go:337.23,340.4 2 1
github.com/decred/dcrd/addrmgr/v2/addrmanager.go:347.61,351.41 3 1
github.com/decred/dcrd/addrmgr/v2/addrmanager.go:351.41,352.59 1 1
github.com/decred/dcrd/addrmgr/v2/addrmanager.go:352.59,355.4 2 1
github.com/decred/dcrd/addrmgr/v2/addrmanager.go:357.2,357.12 1 1
github.com/decred/dcrd/addrmgr/v2/addrmanager.go:362.67,379.2 15 1
github.com/decred/dcrd/addrmgr/v2/addrmanager.go:383.60,399.2 14 1
github.com/decred/dcrd/addrmgr/v2/addrmanager.go:403.40,407.6 3 1
github.com/decred/dcrd/addrmgr/v2/addrmanager.go:407.6,408.10 1 1
github.com/decred/dcrd/addrmgr/v2/addrmanager.go:409.30,410.17 1 0
github.com/decred/dcrd/addrmgr/v2/addrmanager.go:412.17,413.13 1 1
github.com/decred/dcrd/addrmgr/v2/addrmanager.go:416.2,418.35 3 1
github.com/decred/dcrd/addrmgr/v2/addrmanager.go:423.35,427.20 3 1
github.com/decred/dcrd/addrmgr/v2/addrmanager.go:427.20,430.3 1 0
github.com/decred/dcrd/addrmgr/v2/addrmanager.go:433.2,439.32 6 1
github.com/decred/dcrd/addrmgr/v2/addrmanager.go:439.32,451.3 9 1
github.com/decred/dcrd/addrmgr/v2/addrmanager.go:452.2,452.27 1 1
github.com/decred/dcrd/addrmgr/v2/addrmanager.go:452.27,455.31 3 1
github.com/decred/dcrd/addrmgr/v2/addrmanager.go:455.31,458.4 2 1
github.com/decred/dcrd/addrmgr/v2/addrmanager.go:460.2,460.29 1 1
github.com/decred/dcrd/addrmgr/v2/addrmanager.go:460.29,463.37 3 1
github.com/decred/dcrd/addrmgr/v2/addrmanager.go:463.37,466.4 2 0
github.com/decred/dcrd/addrmgr/v2/addrmanager.go:470.2,472.16 3 1
github.com/decred/dcrd/addrmgr/v2/addrmanager.go:472.16,475.3 2 1
github.com/decred/dcrd/addrmgr/v2/addrmanager.go:476.2,477.41 2 1
github.com/decred/dcrd/addrmgr/v2/addrmanager.go:477.41,480.3 2 0
github.com/decred/dcrd/addrmgr/v2/addrmanager.go:481.2,481.34 1 1
github.com/decred/dcrd/addrmgr/v2/addrmanager.go:481.34,484.3 2 0
github.com/decred/dcrd/addrmgr/v2/addrmanager.go:485.2,485.56 1 1
github.com/decred/dcrd/addrmgr/v2/addrmanager.go:485.56,488.3 2 0
github.com/decred/dcrd/addrmgr/v2/addrmanager.go:489.2,489.23 1 1
github.com/decred/dcrd/addrmgr/v2/addrmanager.go:495.35,500.16 4 1
github.com/decred/dcrd/addrmgr/v2/addrmanager.go:500.16,504.17 3 1
github.com/decred/dcrd/addrmgr/v2/addrmanager.go:504.17,507.4 1 0
github.com/decred/dcrd/addrmgr/v2/addrmanager.go:508.3,509.9 2 1
github.com/decred/dcrd/addrmgr/v2/addrmanager.go:511.2,511.80 1 1
github.com/decred/dcrd/addrmgr/v2/addrmanager.go:514.63,516.24 2 1
github.com/decred/dcrd/addrmgr/v2/addrmanager.go:516.24,518.3 1 1
github.com/decred/dcrd/addrmgr/v2/addrmanager.go:519.2,520.16 2 1
github.com/decred/dcrd/addrmgr/v2/addrmanager.go:520.16,522.3 1 0
github.com/decred/dcrd/addrmgr/v2/addrmanager.go:523.2,528.16 5 1
github.com/decred/dcrd/addrmgr/v2/addrmanager.go:528.16,530.3 1 1
github.com/decred/dcrd/addrmgr/v2/addrmanager.go:532.2,532.41 1 1
github.com/decred/dcrd/addrmgr/v2/addrmanager.go:532.41,535.3 1 0
github.com/decred/dcrd/addrmgr/v2/addrmanager.go:536.2,538.34 2 1
github.com/decred/dcrd/addrmgr/v2/addrmanager.go:538.34,540.17 2 1
github.com/decred/dcrd/addrmgr/v2/addrmanager.go:540.17,543.4 1 0
github.com/decred/dcrd/addrmgr/v2/addrmanager.go:544.3,545.17 2 1
github.com/decred/dcrd/addrmgr/v2/addrmanager.go:545.17,548.4 1 0
github.com/decred/dcrd/addrmgr/v2/addrmanager.go:550.3,557.32 2 1
github.com/decred/dcrd/addrmgr/v2/addrmanager.go:560.2,560.32 1 1
github.com/decred/dcrd/addrmgr/v2/addrmanager.go:560.32,561.41 1 1
github.com/decred/dcrd/addrmgr/v2/addrmanager.go:561.41,563.11 2 1
github.com/decred/dcrd/addrmgr/v2/addrmanager.go:563.11,566.5 1 0
github.com/decred/dcrd/addrmgr/v2/addrmanager.go:568.4,568.20 1 1
github.com/decred/dcrd/addrmgr/v2/addrmanager.go:568.20,570.5 1 1
github.com/decred/dcrd/addrmgr/v2/addrmanager.go:571.4,572.26 2 1
github.com/decred/dcrd/addrmgr/v2/addrmanager.go:575.2,575.34 1 1
github.com/decred/dcrd/addrmgr/v2/addrmanager.go:575.34,576.43 1 1
github.com/decred/dcrd/addrmgr/v2/addrmanager.go:576.43,578.11 2 0
github.com/decred/dcrd/addrmgr/v2/addrmanager.go:578.11,581.5 1 0
github.com/decred/dcrd/addrmgr/v2/addrmanager.go:583.4,585.47 3 0
github.com/decred/dcrd/addrmgr/v2/addrmanager.go:590.2,590.32 1 1
github.com/decred/dcrd/addrmgr/v2/addrmanager.go:590.32,591.30 1 1
github.com/decred/dcrd/addrmgr/v2/addrmanager.go:591.30,594.4 1 0
github.com/decred/dcrd/addrmgr/v2/addrmanager.go:596.3,596.28 1 1
github.com/decred/dcrd/addrmgr/v2/addrmanager.go:596.28,599.4 1 0
github.com/decred/dcrd/addrmgr/v2/addrmanager.go:602.2,602.12 1 1
github.com/decred/dcrd/addrmgr/v2/addrmanager.go:611.31,613.41 1 1
github.com/decred/dcrd/addrmgr/v2/addrmanager.go:613.41,615.3 1 0
github.com/decred/dcrd/addrmgr/v2/addrmanager.go:617.2,624.23 4 1
github.com/decred/dcrd/addrmgr/v2/addrmanager.go:630.36,632.42 1 1
github.com/decred/dcrd/addrmgr/v2/addrmanager.go:632.42,635.3 2 0
github.com/decred/dcrd/addrmgr/v2/addrmanager.go:637.2,640.12 4 1
github.com/decred/dcrd/addrmgr/v2/addrmanager.go:647.78,651.27 3 1
github.com/decred/dcrd/addrmgr/v2/addrmanager.go:651.27,653.3 1 1
github.com/decred/dcrd/addrmgr/v2/addrmanager.go:659.42,661.2 1 1
github.com/decred/dcrd/addrmgr/v2/addrmanager.go:667.48,672.2 3 1
github.com/decred/dcrd/addrmgr/v2/addrmanager.go:677.52,683.18 4 1
github.com/decred/dcrd/addrmgr/v2/addrmanager.go:683.18,685.3 1 0
github.com/decred/dcrd/addrmgr/v2/addrmanager.go:687.2,689.32 2 1
github.com/decred/dcrd/addrmgr/v2/addrmanager.go:689.32,691.16 1 1
github.com/decred/dcrd/addrmgr/v2/addrmanager.go:691.16,692.12 1 0
github.com/decred/dcrd/addrmgr/v2/addrmanager.go:695.3,695.29 1 1
github.com/decred/dcrd/addrmgr/v2/addrmanager.go:695.29,696.12 1 0
github.com/decred/dcrd/addrmgr/v2/addrmanager.go:698.3,698.34 1 1
github.com/decred/dcrd/addrmgr/v2/addrmanager.go:702.2,705.41 3 1
github.com/decred/dcrd/addrmgr/v2/addrmanager.go:705.41,707.3 1 0
github.com/decred/dcrd/addrmgr/v2/addrmanager.go:710.2,713.32 2 1
github.com/decred/dcrd/addrmgr/v2/addrmanager.go:718.31,723.27 3 1
github.com/decred/dcrd/addrmgr/v2/addrmanager.go:723.27,725.3 1 1
github.com/decred/dcrd/addrmgr/v2/addrmanager.go:726.2,726.29 1 1
github.com/decred/dcrd/addrmgr/v2/addrmanager.go:726.29,728.3 1 1
github.com/decred/dcrd/addrmgr/v2/addrmanager.go:729.2,730.58 2 1
github.com/decred/dcrd/addrmgr/v2/addrmanager.go:730.58,732.3 1 1
github.com/decred/dcrd/addrmgr/v2/addrmanager.go:733.2,733.51 1 1
github.com/decred/dcrd/addrmgr/v2/addrmanager.go:733.51,735.3 1 1
github.com/decred/dcrd/addrmgr/v2/addrmanager.go:742.61,746.39 1 1
github.com/decred/dcrd/addrmgr/v2/addrmanager.go:746.39,747.22 1 1
github.com/decred/dcrd/addrmgr/v2/addrmanager.go:747.22,752.18 2 1
github.com/decred/dcrd/addrmgr/v2/addrmanager.go:752.18,754.5 1 1
github.com/decred/dcrd/addrmgr/v2/addrmanager.go:755.4,755.56 1 1
github.com/decred/dcrd/addrmgr/v2/addrmanager.go:755.56,759.5 1 1
github.com/decred/dcrd/addrmgr/v2/addrmanager.go:764.2,764.40 1 1
github.com/decred/dcrd/addrmgr/v2/addrmanager.go:764.40,765.17 1 1
github.com/decred/dcrd/addrmgr/v2/addrmanager.go:765.17,767.4 1 1
github.com/decred/dcrd/addrmgr/v2/addrmanager.go:768.3,768.30 1 1
github.com/decred/dcrd/addrmgr/v2/addrmanager.go:772.2,772.37 1 1
github.com/decred/dcrd/addrmgr/v2/addrmanager.go:781.50,785.27 3 1
github.com/decred/dcrd/addrmgr/v2/addrmanager.go:785.27,787.3 1 1
github.com/decred/dcrd/addrmgr/v2/addrmanager.go:790.2,792.56 3 1
github.com/decred/dcrd/addrmgr/v2/addrmanager.go:792.56,794.7 1 1
github.com/decred/dcrd/addrmgr/v2/addrmanager.go:794.7,797.37 2 1
github.com/decred/dcrd/addrmgr/v2/addrmanager.go:797.37,798.13 1 1
github.com/decred/dcrd/addrmgr/v2/addrmanager.go:802.4,806.66 4 1
github.com/decred/dcrd/addrmgr/v2/addrmanager.go:806.66,809.5 2 1
github.com/decred/dcrd/addrmgr/v2/addrmanager.go:810.4,810.17 1 1
github.com/decred/dcrd/addrmgr/v2/addrmanager.go:812.8,814.7 1 1
github.com/decred/dcrd/addrmgr/v2/addrmanager.go:814.7,817.35 2 1
github.com/decred/dcrd/addrmgr/v2/addrmanager.go:817.35,818.13 1 1
github.com/decred/dcrd/addrmgr/v2/addrmanager.go:822.4,824.44 3 1
github.com/decred/dcrd/addrmgr/v2/addrmanager.go:824.44,825.17 1 1
github.com/decred/dcrd/addrmgr/v2/addrmanager.go:825.17,827.11 2 1
github.com/decred/dcrd/addrmgr/v2/addrmanager.go:829.5,829.10 1 0
github.com/decred/dcrd/addrmgr/v2/addrmanager.go:831.4,832.66 2 1
github.com/decred/dcrd/addrmgr/v2/addrmanager.go:832.66,835.5 2 1
github.com/decred/dcrd/addrmgr/v2/addrmanager.go:836.4,836.17 1 1
github.com/decred/dcrd/addrmgr/v2/addrmanager.go:841.60,843.2 1 1
github.com/decred/dcrd/addrmgr/v2/addrmanager.go:849.55,856.15 4 1
github.com/decred/dcrd/addrmgr/v2/addrmanager.go:856.15,859.3 2 1
github.com/decred/dcrd/addrmgr/v2/addrmanager.go:862.2,866.12 5 1
github.com/decred/dcrd/addrmgr/v2/addrmanager.go:873.57,878.15 4 1
github.com/decred/dcrd/addrmgr/v2/addrmanager.go:878.15,881.3 2 1
github.com/decred/dcrd/addrmgr/v2/addrmanager.go:885.2,886.54 2 1
github.com/decred/dcrd/addrmgr/v2/addrmanager.go:886.54,893.3 5 1
github.com/decred/dcrd/addrmgr/v2/addrmanager.go:894.2,894.12 1 1
github.com/decred/dcrd/addrmgr/v2/addrmanager.go:902.52,907.15 4 1
github.com/decred/dcrd/addrmgr/v2/addrmanager.go:907.15,910.3 2 1
github.com/decred/dcrd/addrmgr/v2/addrmanager.go:914.2,924.14 5 1
github.com/decred/dcrd/addrmgr/v2/addrmanager.go:924.14,926.3 1 1
github.com/decred/dcrd/addrmgr/v2/addrmanager.go:930.2,932.27 3 1
github.com/decred/dcrd/addrmgr/v2/addrmanager.go:932.27,934.41 1 1
github.com/decred/dcrd/addrmgr/v2/addrmanager.go:934.41,938.35 4 1
github.com/decred/dcrd/addrmgr/v2/addrmanager.go:938.35,940.5 1 1
github.com/decred/dcrd/addrmgr/v2/addrmanager.go:943.2,945.33 2 1
github.com/decred/dcrd/addrmgr/v2/addrmanager.go:945.33,948.3 2 1
github.com/decred/dcrd/addrmgr/v2/addrmanager.go:950.2,954.50 2 1
github.com/decred/dcrd/addrmgr/v2/addrmanager.go:954.50,960.3 5 1
github.com/decred/dcrd/addrmgr/v2/addrmanager.go:964.2,972.48 4 1
github.com/decred/dcrd/addrmgr/v2/addrmanager.go:972.48,974.3 1 0
github.com/decred/dcrd/addrmgr/v2/addrmanager.go:977.2,994.12 9 1
github.com/decred/dcrd/addrmgr/v2/addrmanager.go:999.86,1004.15 4 1
github.com/decred/dcrd/addrmgr/v2/addrmanager.go:1004.15,1007.3 2 1
github.com/decred/dcrd/addrmgr/v2/addrmanager.go:1010.2,1010.32 1 1
github.com/decred/dcrd/addrmgr/v2/addrmanager.go:1010.32,1017.3 5 1
github.com/decred/dcrd/addrmgr/v2/addrmanager.go:1018.2,1018.12 1 1
github.com/decred/dcrd/addrmgr/v2/addrmanager.go:1025.87,1026.22 1 1
github.com/decred/dcrd/addrmgr/v2/addrmanager.go:1026.22,1028.3 1 1
github.com/decred/dcrd/addrmgr/v2/addrmanager.go:1030.2,1035.32 5 1
github.com/decred/dcrd/addrmgr/v2/addrmanager.go:1035.32,1036.9 1 1
github.com/decred/dcrd/addrmgr/v2/addrmanager.go:1036.9,1038.4 1 1
github.com/decred/dcrd/addrmgr/v2/addrmanager.go:1038.9,1043.4 1 1
github.com/decred/dcrd/addrmgr/v2/addrmanager.go:1045.2,1045.12 1 1
github.com/decred/dcrd/addrmgr/v2/addrmanager.go:1051.60,1056.2 4 1
github.com/decred/dcrd/addrmgr/v2/addrmanager.go:1062.52,1067.40 4 1
github.com/decred/dcrd/addrmgr/v2/addrmanager.go:1067.40,1074.3 2 1
github.com/decred/dcrd/addrmgr/v2/addrmanager.go:1076.2,1076.14 1 1
github.com/decred/dcrd/addrmgr/v2/addrmanager.go:1113.88,1114.9 1 1
github.com/decred/dcrd/addrmgr/v2/addrmanager.go:1115.32,1116.21 1 1
github.com/decred/dcrd/addrmgr/v2/addrmanager.go:1118.39,1119.10 1 1
github.com/decred/dcrd/addrmgr/v2/addrmanager.go:1120.39,1121.23 1 1
github.com/decred/dcrd/addrmgr/v2/addrmanager.go:1124.64,1125.15 1 1
github.com/decred/dcrd/addrmgr/v2/addrmanager.go:1128.64,1129.19 1 1
github.com/decred/dcrd/addrmgr/v2/addrmanager.go:1131.11,1132.18 1 1
github.com/decred/dcrd/addrmgr/v2/addrmanager.go:1135.32,1136.10 1 1
github.com/decred/dcrd/addrmgr/v2/addrmanager.go:1137.32,1138.18 1 1
github.com/decred/dcrd/addrmgr/v2/addrmanager.go:1140.32,1141.17 1 1
github.com/decred/dcrd/addrmgr/v2/addrmanager.go:1143.38,1144.15 1 1
github.com/decred/dcrd/addrmgr/v2/addrmanager.go:1146.11,1147.19 1 1
github.com/decred/dcrd/addrmgr/v2/addrmanager.go:1150.38,1151.10 1 1
github.com/decred/dcrd/addrmgr/v2/addrmanager.go:1152.64,1153.15 1 1
github.com/decred/dcrd/addrmgr/v2/addrmanager.go:1155.11,1156.22 1 1
github.com/decred/dcrd/addrmgr/v2/addrmanager.go:1159.38,1160.10 1 1
github.com/decred/dcrd/addrmgr/v2/addrmanager.go:1161.32,1162.18 1 1
github.com/decred/dcrd/addrmgr/v2/addrmanager.go:1164.32,1165.17 1 1
github.com/decred/dcrd/addrmgr/v2/addrmanager.go:1167.38,1168.15 1 1
github.com/decred/dcrd/addrmgr/v2/addrmanager.go:1172.28,1174.19 1 1
github.com/decred/dcrd/addrmgr/v2/addrmanager.go:1176.11,1177.21 1 1
github.com/decred/dcrd/addrmgr/v2/addrmanager.go:1180.10,1181.17 1 0
github.com/decred/dcrd/addrmgr/v2/addrmanager.go:1189.79,1196.38 6 1
github.com/decred/dcrd/addrmgr/v2/addrmanager.go:1196.38,1199.49 2 1
github.com/decred/dcrd/addrmgr/v2/addrmanager.go:1199.49,1203.4 3 1
github.com/decred/dcrd/addrmgr/v2/addrmanager.go:1205.2,1205.24 1 1
github.com/decred/dcrd/addrmgr/v2/addrmanager.go:1205.24,1208.3 1 1
github.com/decred/dcrd/addrmgr/v2/addrmanager.go:1208.8,1213.37 3 1
github.com/decred/dcrd/addrmgr/v2/addrmanager.go:1213.37,1215.4 1 1
github.com/decred/dcrd/addrmgr/v2/addrmanager.go:1215.9,1217.4 1 1
github.com/decred/dcrd/addrmgr/v2/addrmanager.go:1218.3,1218.67 1 1
github.com/decred/dcrd/addrmgr/v2/addrmanager.go:1221.2,1221.20 1 1
github.com/decred/dcrd/addrmgr/v2/addrmanager.go:1233.106,1241.27 2 1
github.com/decred/dcrd/addrmgr/v2/addrmanager.go:1241.27,1243.3 1 1
github.com/decred/dcrd/addrmgr/v2/addrmanager.go:1245.2,1258.25 6 1
github.com/decred/dcrd/addrmgr/v2/addrmanager.go:1263.39,1272.2 3 1
github.com/decred/dcrd/addrmgr/v2/error.go:28.35,30.2 1 1
github.com/decred/dcrd/addrmgr/v2/error.go:41.31,43.2 1 1
github.com/decred/dcrd/addrmgr/v2/error.go:46.31,48.2 1 1
github.com/decred/dcrd/addrmgr/v2/error.go:51.51,53.2 1 1
github.com/decred/dcrd/addrmgr/v2/knownaddress.go:47.50,51.2 3 1
github.com/decred/dcrd/addrmgr/v2/knownaddress.go:54.49,58.2 3 1
github.com/decred/dcrd/addrmgr/v2/knownaddress.go:63.42,70.47 4 1
github.com/decred/dcrd/addrmgr/v2/knownaddress.go:70.47,72.3 1 1
github.com/decred/dcrd/addrmgr/v2/knownaddress.go:75.2,77.31 2 1
github.com/decred/dcrd/addrmgr/v2/knownaddress.go:87.38,92.9 4 1
github.com/decred/dcrd/addrmgr/v2/knownaddress.go:95.55,96.15 1 1
github.com/decred/dcrd/addrmgr/v2/knownaddress.go:99.56,100.14 1 1
github.com/decred/dcrd/addrmgr/v2/knownaddress.go:103.77,104.14 1 1
github.com/decred/dcrd/addrmgr/v2/knownaddress.go:107.60,108.14 1 1
github.com/decred/dcrd/addrmgr/v2/knownaddress.go:112.30,113.14 1 1
github.com/decred/dcrd/addrmgr/v2/knownaddress.go:115.10,116.15 1 1
github.com/decred/dcrd/addrmgr/v2/log.go:21.36,23.2 1 1
github.com/decred/dcrd/addrmgr/v2/netaddress.go:40.46,42.2 1 1
github.com/decred/dcrd/addrmgr/v2/netaddress.go:47.46,49.22 2 1
github.com/decred/dcrd/addrmgr/v2/netaddress.go:50.20,58.23 1 1
github.com/decred/dcrd/addrmgr/v2/netaddress.go:58.23,69.4 9 1
github.com/decred/dcrd/addrmgr/v2/netaddress.go:70.19,71.32 1 1
github.com/decred/dcrd/addrmgr/v2/netaddress.go:72.19,73.32 1 1
github.com/decred/dcrd/addrmgr/v2/netaddress.go:77.2,78.64 1 1
github.com/decred/dcrd/addrmgr/v2/netaddress.go:83.41,86.2 2 1
github.com/decred/dcrd/addrmgr/v2/netaddress.go:91.44,93.2 1 1
github.com/decred/dcrd/addrmgr/v2/netaddress.go:97.48,100.2 2 1
github.com/decred/dcrd/addrmgr/v2/netaddress.go:104.65,106.2 1 1
github.com/decred/dcrd/addrmgr/v2/netaddress.go:110.71,111.22 1 1
github.com/decred/dcrd/addrmgr/v2/netaddress.go:111.22,113.3 1 1
github.com/decred/dcrd/addrmgr/v2/netaddress.go:114.2,114.9 1 1
github.com/decred/dcrd/addrmgr/v2/netaddress.go:115.55,116.33 1 1
github.com/decred/dcrd/addrmgr/v2/netaddress.go:117.31,118.34 1 1
github.com/decred/dcrd/addrmgr/v2/netaddress.go:121.2,121.18 1 1
github.com/decred/dcrd/addrmgr/v2/netaddress.go:126.97,128.9 2 1
github.com/decred/dcrd/addrmgr/v2/netaddress.go:129.25,130.26 1 1
github.com/decred/dcrd/addrmgr/v2/netaddress.go:131.17,132.26 1 1
github.com/decred/dcrd/addrmgr/v2/netaddress.go:133.48,134.27 1 1
github.com/decred/dcrd/addrmgr/v2/netaddress.go:136.2,138.66 2 1
github.com/decred/dcrd/addrmgr/v2/netaddress.go:143.75,145.16 2 1
github.com/decred/dcrd/addrmgr/v2/netaddress.go:145.16,147.3 1 1
github.com/decred/dcrd/addrmgr/v2/netaddress.go:148.2,148.36 1 1
github.com/decred/dcrd/addrmgr/v2/netaddress.go:148.36,153.3 2 1
github.com/decred/dcrd/addrmgr/v2/netaddress.go:154.2,154.12 1 1
github.com/decred/dcrd/addrmgr/v2/netaddress.go:160.161,163.16 3 1
github.com/decred/dcrd/addrmgr/v2/netaddress.go:163.16,165.3 1 1
github.com/decred/dcrd/addrmgr/v2/netaddress.go:166.2,172.8 1 1
github.com/decred/dcrd/addrmgr/v2/netaddress.go:177.81,179.16 2 1
github.com/decred/dcrd/addrmgr/v2/netaddress.go:179.16,181.3 1 1
github.com/decred/dcrd/addrmgr/v2/netaddress.go:182.2,183.16 2 1
github.com/decred/dcrd/addrmgr/v2/netaddress.go:183.16,185.3 1 1
github.com/decred/dcrd/addrmgr/v2/netaddress.go:186.2,187.16 2 1
github.com/decred/dcrd/addrmgr/v2/netaddress.go:187.16,189.3 1 1
github.com/decred/dcrd/addrmgr/v2/netaddress.go:190.2,190.36 1 1
github.com/decred/dcrd/addrmgr/v2/netaddress.go:190.36,193.3 2 1
github.com/decred/dcrd/addrmgr/v2/netaddress.go:194.2,196.22 2 1
github.com/decred/dcrd/addrmgr/v2/netaddress.go:204.93,215.2 4 1
github.com/decred/dcrd/addrmgr/v2/network.go:90.49,92.2 1 1
github.com/decred/dcrd/addrmgr/v2/network.go:95.32,97.2 1 1
github.com/decred/dcrd/addrmgr/v2/network.go:100.33,102.2 1 1
github.com/decred/dcrd/addrmgr/v2/network.go:122.35,123.34 1 1
github.com/decred/dcrd/addrmgr/v2/network.go:123.34,124.26 1 1
github.com/decred/dcrd/addrmgr/v2/network.go:124.26,126.4 1 1
github.com/decred/dcrd/addrmgr/v2/network.go:128.2,128.14 1 1
github.com/decred/dcrd/addrmgr/v2/network.go:133.35,135.2 1 1
github.com/decred/dcrd/addrmgr/v2/network.go:139.35,141.2 1 1
github.com/decred/dcrd/addrmgr/v2/network.go:145.35,147.2 1 1
github.com/decred/dcrd/addrmgr/v2/network.go:151.35,153.2 1 1
github.com/decred/dcrd/addrmgr/v2/network.go:157.35,159.2 1 1
github.com/decred/dcrd/addrmgr/v2/network.go:163.35,165.2 1 1
github.com/decred/dcrd/addrmgr/v2/network.go:169.35,171.2 1 1
github.com/decred/dcrd/addrmgr/v2/network.go:175.35,177.2 1 1
github.com/decred/dcrd/addrmgr/v2/network.go:182.35,183.33 1 1
github.com/decred/dcrd/addrmgr/v2/network.go:183.33,184.26 1 1
github.com/decred/dcrd/addrmgr/v2/network.go:184.26,186.4 1 1
github.com/decred/dcrd/addrmgr/v2/network.go:189.2,189.14 1 1
github.com/decred/dcrd/addrmgr/v2/network.go:194.35,196.2 1 1
github.com/decred/dcrd/addrmgr/v2/network.go:200.35,202.2 1 1
github.com/decred/dcrd/addrmgr/v2/network.go:206.35,208.2 1 1
github.com/decred/dcrd/addrmgr/v2/network.go:211.52,226.2 9 1
github.com/decred/dcrd/addrmgr/v2/network.go:231.50,232.29 1 1
github.com/decred/dcrd/addrmgr/v2/network.go:232.29,234.3 1 1
github.com/decred/dcrd/addrmgr/v2/network.go:236.2,237.33 2 1
github.com/decred/dcrd/addrmgr/v2/network.go:237.33,239.3 1 1
github.com/decred/dcrd/addrmgr/v2/network.go:241.2,247.34 6 1
github.com/decred/dcrd/addrmgr/v2/network.go:247.34,249.3 1 1
github.com/decred/dcrd/addrmgr/v2/network.go:251.2,251.27 1 1
github.com/decred/dcrd/addrmgr/v2/network.go:258.33,263.2 1 1
github.com/decred/dcrd/addrmgr/v2/network.go:268.36,273.2 1 1
github.com/decred/dcrd/addrmgr/v2/network.go:280.41,282.20 2 1
github.com/decred/dcrd/addrmgr/v2/network.go:282.20,284.3 1 1
github.com/decred/dcrd/addrmgr/v2/network.go:285.2,285.24 1 1
github.com/decred/dcrd/addrmgr/v2/network.go:285.24,287.3 1 1
github.com/decred/dcrd/addrmgr/v2/network.go:288.2,288.28 1 1
github.com/decred/dcrd/addrmgr/v2/network.go:288.28,290.3 1 1
github.com/decred/dcrd/addrmgr/v2/network.go:291.2,291.42 1 1
github.com/decred/dcrd/addrmgr/v2/network.go:291.42,295.3 2 1
github.com/decred/dcrd/addrmgr/v2/network.go:297.2,297.22 1 1
github.com/decred/dcrd/addrmgr/v2/network.go:297.22,300.3 2 1
github.com/decred/dcrd/addrmgr/v2/network.go:301.2,301.22 1 1
github.com/decred/dcrd/addrmgr/v2/network.go:301.22,305.37 2 1
github.com/decred/dcrd/addrmgr/v2/network.go:305.37,307.4 1 1
github.com/decred/dcrd/addrmgr/v2/network.go:308.3,308.51 1 1
github.com/decred/dcrd/addrmgr/v2/network.go:310.2,310.29 1 1
github.com/decred/dcrd/addrmgr/v2/network.go:310.29,313.3 1 1
github.com/decred/dcrd/addrmgr/v2/network.go:318.2,319.27 2 1
github.com/decred/dcrd/addrmgr/v2/network.go:319.27,321.3 1 1
github.com/decred/dcrd/addrmgr/v2/network.go:323.2,323.53 1 1
